TN:
SF:/Users/jestuart/dev/jessestuart.com/src/components/Blog/BlogHeader.js
FN:7,(anonymous_0)
FNF:1
FNH:1
FNDA:1,(anonymous_0)
DA:7,1
DA:8,1
DA:21,1
LF:3
LH:3
BRF:0
BRH:0
end_of_record
TN:
SF:/Users/jestuart/dev/jessestuart.com/src/components/Icons/Logo-Light.svg
FNF:0
FNH:0
DA:1,1
LF:1
LH:1
BRF:0
BRH:0
end_of_record
TN:
SF:/Users/jestuart/dev/jessestuart.com/src/components/Icons/DevIcons/AWS.js
FN:3,(anonymous_0)
FNF:1
FNH:1
FNDA:1,(anonymous_0)
DA:3,2
DA:4,1
LF:2
LH:2
BRF:0
BRH:0
end_of_record
TN:
SF:/Users/jestuart/dev/jessestuart.com/src/components/Icons/DevIcons/AngularJS.js
FN:3,(anonymous_0)
FNF:1
FNH:1
FNDA:2,(anonymous_0)
DA:3,2
DA:4,2
LF:2
LH:2
BRF:0
BRH:0
end_of_record
TN:
SF:/Users/jestuart/dev/jessestuart.com/src/components/Icons/DevIcons/Ansible.js
FN:3,(anonymous_0)
FNF:1
FNH:1
FNDA:2,(anonymous_0)
DA:3,2
DA:4,2
LF:2
LH:2
BRF:0
BRH:0
end_of_record
TN:
SF:/Users/jestuart/dev/jessestuart.com/src/components/Icons/DevIcons/Atom.js
FN:3,(anonymous_0)
FNF:1
FNH:1
FNDA:1,(anonymous_0)
DA:3,2
DA:4,1
LF:2
LH:2
BRF:0
BRH:0
end_of_record
TN:
SF:/Users/jestuart/dev/jessestuart.com/src/components/Icons/DevIcons/Babel.js
FN:3,(anonymous_0)
FNF:1
FNH:1
FNDA:1,(anonymous_0)
DA:3,2
DA:4,1
LF:2
LH:2
BRF:0
BRH:0
end_of_record
TN:
SF:/Users/jestuart/dev/jessestuart.com/src/components/Icons/DevIcons/Clojure.js
FN:3,(anonymous_0)
FNF:1
FNH:1
FNDA:2,(anonymous_0)
DA:3,2
DA:4,2
LF:2
LH:2
BRF:0
BRH:0
end_of_record
TN:
SF:/Users/jestuart/dev/jessestuart.com/src/components/Icons/DevIcons/D3js.js
FN:3,(anonymous_0)
FNF:1
FNH:1
FNDA:1,(anonymous_0)
DA:3,2
DA:4,1
LF:2
LH:2
BRF:0
BRH:0
end_of_record
TN:
SF:/Users/jestuart/dev/jessestuart.com/src/components/Icons/DevIcons/Debian.js
FN:3,(anonymous_0)
FNF:1
FNH:1
FNDA:1,(anonymous_0)
DA:3,2
DA:4,1
LF:2
LH:2
BRF:0
BRH:0
end_of_record
TN:
SF:/Users/jestuart/dev/jessestuart.com/src/components/Icons/DevIcons/Docker.js
FN:3,(anonymous_0)
FNF:1
FNH:1
FNDA:2,(anonymous_0)
DA:3,2
DA:4,2
LF:2
LH:2
BRF:0
BRH:0
end_of_record
TN:
SF:/Users/jestuart/dev/jessestuart.com/src/components/Icons/DevIcons/GatsbyJS.js
FN:3,(anonymous_0)
FNF:1
FNH:1
FNDA:2,(anonymous_0)
DA:3,2
DA:4,2
LF:2
LH:2
BRF:0
BRH:0
end_of_record
TN:
SF:/Users/jestuart/dev/jessestuart.com/src/components/Icons/DevIcons/Git.js
FN:3,(anonymous_0)
FNF:1
FNH:1
FNDA:1,(anonymous_0)
DA:3,2
DA:4,1
LF:2
LH:2
BRF:0
BRH:0
end_of_record
TN:
SF:/Users/jestuart/dev/jessestuart.com/src/components/Icons/DevIcons/Go.js
FN:3,(anonymous_0)
FNF:1
FNH:1
FNDA:2,(anonymous_0)
DA:3,2
DA:4,2
LF:2
LH:2
BRF:0
BRH:0
end_of_record
TN:
SF:/Users/jestuart/dev/jessestuart.com/src/components/Icons/DevIcons/Gradle.js
FN:3,(anonymous_0)
FNF:1
FNH:1
FNDA:1,(anonymous_0)
DA:3,2
DA:4,1
LF:2
LH:2
BRF:0
BRH:0
end_of_record
TN:
SF:/Users/jestuart/dev/jessestuart.com/src/components/Icons/DevIcons/Grails.js
FN:3,(anonymous_0)
FNF:1
FNH:1
FNDA:2,(anonymous_0)
DA:3,2
DA:4,2
LF:2
LH:2
BRF:0
BRH:0
end_of_record
TN:
SF:/Users/jestuart/dev/jessestuart.com/src/components/Icons/DevIcons/GraphQL.js
FN:3,(anonymous_0)
FNF:1
FNH:1
FNDA:2,(anonymous_0)
DA:3,2
DA:4,2
LF:2
LH:2
BRF:0
BRH:0
end_of_record
TN:
SF:/Users/jestuart/dev/jessestuart.com/src/components/Icons/DevIcons/Java.js
FN:3,(anonymous_0)
FNF:1
FNH:1
FNDA:2,(anonymous_0)
DA:3,2
DA:4,2
LF:2
LH:2
BRF:0
BRH:0
end_of_record
TN:
SF:/Users/jestuart/dev/jessestuart.com/src/components/Icons/DevIcons/Javascript.js
FN:3,(anonymous_0)
FNF:1
FNH:1
FNDA:1,(anonymous_0)
DA:3,2
DA:4,1
LF:2
LH:2
BRF:0
BRH:0
end_of_record
TN:
SF:/Users/jestuart/dev/jessestuart.com/src/components/Icons/DevIcons/Jest.js
FN:3,(anonymous_0)
FNF:1
FNH:1
FNDA:2,(anonymous_0)
DA:3,2
DA:4,2
LF:2
LH:2
BRF:0
BRH:0
end_of_record
TN:
SF:/Users/jestuart/dev/jessestuart.com/src/components/Icons/DevIcons/Kubernetes.js
FN:3,(anonymous_0)
FNF:1
FNH:1
FNDA:2,(anonymous_0)
DA:3,2
DA:4,2
LF:2
LH:2
BRF:0
BRH:0
end_of_record
TN:
SF:/Users/jestuart/dev/jessestuart.com/src/components/Icons/DevIcons/Linux.js
FN:3,(anonymous_0)
FNF:1
FNH:1
FNDA:1,(anonymous_0)
DA:3,2
DA:4,1
LF:2
LH:2
BRF:0
BRH:0
end_of_record
TN:
SF:/Users/jestuart/dev/jessestuart.com/src/components/Icons/DevIcons/Mysql.js
FN:3,(anonymous_0)
FNF:1
FNH:1
FNDA:1,(anonymous_0)
DA:3,2
DA:4,1
LF:2
LH:2
BRF:0
BRH:0
end_of_record
TN:
SF:/Users/jestuart/dev/jessestuart.com/src/components/Icons/DevIcons/Netlify.js
FN:3,(anonymous_0)
FNF:1
FNH:1
FNDA:1,(anonymous_0)
DA:3,2
DA:4,1
LF:2
LH:2
BRF:0
BRH:0
end_of_record
TN:
SF:/Users/jestuart/dev/jessestuart.com/src/components/Icons/DevIcons/Nginx.js
FN:3,(anonymous_0)
FNF:1
FNH:1
FNDA:1,(anonymous_0)
DA:3,2
DA:4,1
LF:2
LH:2
BRF:0
BRH:0
end_of_record
TN:
SF:/Users/jestuart/dev/jessestuart.com/src/components/Icons/DevIcons/Nodejs.js
FN:3,(anonymous_0)
FNF:1
FNH:1
FNDA:2,(anonymous_0)
DA:3,2
DA:4,2
LF:2
LH:2
BRF:0
BRH:0
end_of_record
TN:
SF:/Users/jestuart/dev/jessestuart.com/src/components/Icons/DevIcons/Packer.js
FN:3,(anonymous_0)
FNF:1
FNH:1
FNDA:2,(anonymous_0)
DA:3,2
DA:4,2
LF:2
LH:2
BRF:0
BRH:0
end_of_record
TN:
SF:/Users/jestuart/dev/jessestuart.com/src/components/Icons/DevIcons/PostCSS.js
FN:3,(anonymous_0)
FNF:1
FNH:1
FNDA:1,(anonymous_0)
DA:3,2
DA:4,1
LF:2
LH:2
BRF:0
BRH:0
end_of_record
TN:
SF:/Users/jestuart/dev/jessestuart.com/src/components/Icons/DevIcons/Python.js
FN:3,(anonymous_0)
FNF:1
FNH:1
FNDA:2,(anonymous_0)
DA:3,2
DA:4,2
LF:2
LH:2
BRF:0
BRH:0
end_of_record
TN:
SF:/Users/jestuart/dev/jessestuart.com/src/components/Icons/DevIcons/React.js
FN:3,(anonymous_0)
FNF:1
FNH:1
FNDA:2,(anonymous_0)
DA:3,2
DA:4,2
LF:2
LH:2
BRF:0
BRH:0
end_of_record
TN:
SF:/Users/jestuart/dev/jessestuart.com/src/components/Icons/DevIcons/Redhat.js
FN:3,(anonymous_0)
FNF:1
FNH:1
FNDA:1,(anonymous_0)
DA:3,2
DA:4,1
LF:2
LH:2
BRF:0
BRH:0
end_of_record
TN:
SF:/Users/jestuart/dev/jessestuart.com/src/components/Icons/DevIcons/Redis.js
FN:3,(anonymous_0)
FNF:1
FNH:1
FNDA:1,(anonymous_0)
DA:3,2
DA:4,1
LF:2
LH:2
BRF:0
BRH:0
end_of_record
TN:
SF:/Users/jestuart/dev/jessestuart.com/src/components/Icons/DevIcons/Redux.js
FN:3,(anonymous_0)
FNF:1
FNH:1
FNDA:2,(anonymous_0)
DA:3,2
DA:4,2
LF:2
LH:2
BRF:0
BRH:0
end_of_record
TN:
SF:/Users/jestuart/dev/jessestuart.com/src/components/Icons/DevIcons/Sentry.js
FN:3,(anonymous_0)
FNF:1
FNH:1
FNDA:1,(anonymous_0)
DA:3,2
DA:4,1
LF:2
LH:2
BRF:0
BRH:0
end_of_record
TN:
SF:/Users/jestuart/dev/jessestuart.com/src/components/Icons/DevIcons/Terraform.js
FN:3,(anonymous_0)
FNF:1
FNH:1
FNDA:2,(anonymous_0)
DA:3,2
DA:4,2
LF:2
LH:2
BRF:0
BRH:0
end_of_record
TN:
SF:/Users/jestuart/dev/jessestuart.com/src/components/Icons/DevIcons/Typescript.js
FN:3,(anonymous_0)
FNF:1
FNH:1
FNDA:1,(anonymous_0)
DA:3,2
DA:4,1
LF:2
LH:2
BRF:0
BRH:0
end_of_record
TN:
SF:/Users/jestuart/dev/jessestuart.com/src/components/Icons/DevIcons/Ubuntu.js
FN:3,(anonymous_0)
FNF:1
FNH:1
FNDA:1,(anonymous_0)
DA:3,2
DA:4,1
LF:2
LH:2
BRF:0
BRH:0
end_of_record
TN:
SF:/Users/jestuart/dev/jessestuart.com/src/components/Icons/DevIcons/Vagrant.js
FN:3,(anonymous_0)
FNF:1
FNH:1
FNDA:2,(anonymous_0)
DA:3,2
DA:4,2
LF:2
LH:2
BRF:0
BRH:0
end_of_record
TN:
SF:/Users/jestuart/dev/jessestuart.com/src/components/Icons/DevIcons/Vim.js
FN:3,(anonymous_0)
FNF:1
FNH:1
FNDA:1,(anonymous_0)
DA:3,2
DA:4,1
LF:2
LH:2
BRF:0
BRH:0
end_of_record
TN:
SF:/Users/jestuart/dev/jessestuart.com/src/components/Icons/DevIcons/Webpack.js
FN:3,(anonymous_0)
FNF:1
FNH:1
FNDA:1,(anonymous_0)
DA:3,2
DA:4,1
LF:2
LH:2
BRF:0
BRH:0
end_of_record
TN:
SF:/Users/jestuart/dev/jessestuart.com/src/components/Icons/DevIcons/index.js
FNF:0
FNH:0
DA:40,2
LF:1
LH:1
BRF:0
BRH:0
end_of_record
TN:
SF:/Users/jestuart/dev/jessestuart.com/src/components/Icons/Twemoji/CrescentMoon.js
FN:3,(anonymous_0)
FNF:1
FNH:1
FNDA:1,(anonymous_0)
DA:3,1
DA:4,1
LF:2
LH:2
BRF:0
BRH:0
end_of_record
TN:
SF:/Users/jestuart/dev/jessestuart.com/src/components/Icons/Twemoji/France.js
FN:3,(anonymous_0)
FNF:1
FNH:1
FNDA:1,(anonymous_0)
DA:3,1
DA:4,1
LF:2
LH:2
BRF:0
BRH:0
end_of_record
TN:
SF:/Users/jestuart/dev/jessestuart.com/src/components/Icons/Twemoji/Microscope.js
FN:3,(anonymous_0)
FNF:1
FNH:1
FNDA:1,(anonymous_0)
DA:3,1
DA:4,1
LF:2
LH:2
BRF:0
BRH:0
end_of_record
TN:
SF:/Users/jestuart/dev/jessestuart.com/src/components/Icons/Twemoji/OpenBook.js
FN:3,(anonymous_0)
FNF:1
FNH:1
FNDA:1,(anonymous_0)
DA:3,1
DA:4,1
LF:2
LH:2
BRF:0
BRH:0
end_of_record
TN:
SF:/Users/jestuart/dev/jessestuart.com/src/components/Icons/Twemoji/PersonalComputer.js
FN:3,(anonymous_0)
FNF:1
FNH:1
FNDA:1,(anonymous_0)
DA:3,1
DA:4,1
LF:2
LH:2
BRF:0
BRH:0
end_of_record
TN:
SF:/Users/jestuart/dev/jessestuart.com/src/components/Icons/Twemoji/Rat.js
FN:3,(anonymous_0)
FNF:1
FNH:1
FNDA:1,(anonymous_0)
DA:3,1
DA:4,1
LF:2
LH:2
BRF:0
BRH:0
end_of_record
TN:
SF:/Users/jestuart/dev/jessestuart.com/src/components/Icons/Twemoji/Scroll.js
FN:3,(anonymous_0)
FNF:1
FNH:1
FNDA:1,(anonymous_0)
DA:3,1
DA:4,1
LF:2
LH:2
BRF:0
BRH:0
end_of_record
TN:
SF:/Users/jestuart/dev/jessestuart.com/src/components/Icons/Twemoji/ThinkingFace.js
FN:3,(anonymous_0)
FNF:1
FNH:1
FNDA:1,(anonymous_0)
DA:3,1
DA:4,1
LF:2
LH:2
BRF:0
BRH:0
end_of_record
TN:
SF:/Users/jestuart/dev/jessestuart.com/src/components/Icons/Twemoji/index.js
FNF:0
FNH:0
DA:10,1
LF:1
LH:1
BRF:0
BRH:0
end_of_record
TN:
SF:/Users/jestuart/dev/jessestuart.com/src/components/Profile/Avatar.js
FN:6,(anonymous_0)
FNF:1
FNH:1
FNDA:2,(anonymous_0)
DA:6,2
DA:7,2
LF:2
LH:2
BRF:0
BRH:0
end_of_record
TN:
SF:/Users/jestuart/dev/jessestuart.com/src/components/Profile/BlackMirror.js
FN:10,(anonymous_0)
FNF:1
FNH:1
FNDA:1,(anonymous_0)
DA:5,1
DA:6,1
DA:7,1
DA:8,1
DA:10,1
DA:11,1
LF:6
LH:6
BRF:0
BRH:0
end_of_record
TN:
SF:/Users/jestuart/dev/jessestuart.com/src/components/Profile/Profile.js
FN:58,(anonymous_0)
FNF:1
FNH:1
FNDA:1,(anonymous_0)
DA:9,1
DA:21,1
DA:36,1
DA:51,1
DA:58,1
DA:59,1
LF:6
LH:6
BRF:0
BRH:0
end_of_record
TN:
SF:/Users/jestuart/dev/jessestuart.com/src/components/Profile/ProfileBlurb.js
FN:23,(anonymous_0)
FN:44,(anonymous_1)
FNF:2
FNH:2
FNDA:1,(anonymous_0)
FNDA:4,(anonymous_1)
DA:8,1
DA:9,1
DA:10,1
DA:21,1
DA:23,1
DA:24,1
DA:44,1
DA:45,4
DA:54,1
LF:9
LH:9
BRF:0
BRH:0
end_of_record
TN:
SF:/Users/jestuart/dev/jessestuart.com/src/components/Profile/ProfileFooter.js
FN:10,(anonymous_0)
FN:15,(anonymous_1)
FN:19,(anonymous_2)
FN:20,(anonymous_3)
FN:21,(anonymous_4)
FN:27,(anonymous_5)
FN:28,(anonymous_6)
FN:32,(anonymous_7)
FNF:8
FNH:3
FNDA:2,(anonymous_0)
FNDA:2,(anonymous_1)
FNDA:0,(anonymous_2)
FNDA:0,(anonymous_3)
FNDA:0,(anonymous_4)
FNDA:0,(anonymous_5)
FNDA:0,(anonymous_6)
FNDA:2,(anonymous_7)
DA:5,2
DA:7,2
DA:11,2
DA:12,2
DA:16,2
DA:17,2
DA:18,2
DA:20,0
DA:21,0
DA:28,0
DA:29,0
DA:33,2
DA:34,2
LF:13
LH:9
BRF:0
BRH:0
end_of_record
TN:
SF:/Users/jestuart/dev/jessestuart.com/src/components/Profile/ProfileHeading.js
FN:7,(anonymous_0)
FNF:1
FNH:1
FNDA:1,(anonymous_0)
DA:5,1
DA:7,1
DA:8,1
LF:3
LH:3
BRF:0
BRH:0
end_of_record
TN:
SF:/Users/jestuart/dev/jessestuart.com/src/components/Profile/ProfileLinks.js
FNF:0
FNH:0
DA:3,1
LF:1
LH:1
BRF:0
BRH:0
end_of_record
TN:
SF:/Users/jestuart/dev/jessestuart.com/src/components/ProfileDevIcons/DevIconColumn.js
FN:5,(anonymous_0)
FNF:1
FNH:1
FNDA:18,(anonymous_0)
DA:5,1
DA:6,18
DA:8,18
DA:15,1
DA:31,1
LF:5
LH:5
BRF:0
BRH:0
end_of_record
TN:
SF:/Users/jestuart/dev/jessestuart.com/src/components/ProfileDevIcons/DevIconSkills.js
FNF:0
FNH:0
DA:22,1
DA:24,1
DA:26,1
DA:28,1
DA:30,1
LF:5
LH:5
BRF:0
BRH:0
end_of_record
TN:
SF:/Users/jestuart/dev/jessestuart.com/src/components/ProfileDevIcons/index.js
FN:11,(anonymous_0)
FN:26,(anonymous_1)
FN:29,(anonymous_2)
FNF:3
FNH:3
FNDA:1,(anonymous_0)
FNDA:3,(anonymous_1)
FNDA:18,(anonymous_2)
DA:11,1
DA:12,1
DA:27,3
DA:30,18
DA:48,1
DA:63,1
LF:6
LH:6
BRDA:35,0,0,18
BRDA:35,0,1,9
BRF:2
BRH:2
end_of_record
TN:
SF:/Users/jestuart/dev/jessestuart.com/src/components/SiteFooter/SiteFooter.js
FN:7,(anonymous_0)
FNF:1
FNH:1
FNDA:2,(anonymous_0)
DA:7,1
DA:8,2
DA:31,1
DA:36,1
DA:40,1
LF:5
LH:5
BRDA:17,0,0,1
BRDA:17,0,1,1
BRF:2
BRH:2
end_of_record
TN:
SF:/Users/jestuart/dev/jessestuart.com/src/components/SiteHeader/HeaderLink.js
FN:6,(anonymous_0)
FNF:1
FNH:1
FNDA:3,(anonymous_0)
DA:6,1
DA:7,3
DA:15,3
DA:24,1
DA:31,1
LF:5
LH:5
BRF:0
BRH:0
end_of_record
TN:
SF:/Users/jestuart/dev/jessestuart.com/src/components/SiteHeader/SiteHeader.js
FN:14,(anonymous_0)
FNF:1
FNH:1
FNDA:1,(anonymous_0)
DA:11,1
DA:15,1
DA:16,1
DA:17,1
DA:65,1
DA:71,1
DA:77,1
LF:7
LH:7
BRDA:16,0,0,1
BRDA:16,0,1,1
BRDA:28,1,0,0
BRDA:28,1,1,1
BRF:4
BRH:3
end_of_record
TN:
SF:/Users/jestuart/dev/jessestuart.com/static/img/avatar_square.jpg
FNF:0
FNH:0
DA:1,2
LF:1
LH:1
BRF:0
BRH:0
end_of_record
