TN:
SF:/Users/jestuart/dev/jessestuart.com/src/components/Blog/BlogHeader.js
FN:8,(anonymous_0)
FNF:1
FNH:1
FNDA:1,(anonymous_0)
DA:8,1
DA:9,1
DA:24,1
LF:3
LH:3
BRF:0
BRH:0
end_of_record
TN:
SF:/Users/jestuart/dev/jessestuart.com/src/components/Icons/DevIcons/AWS.js
FN:3,(anonymous_0)
FNF:1
FNH:1
FNDA:1,(anonymous_0)
DA:3,2
DA:4,1
LF:2
LH:2
BRF:0
BRH:0
end_of_record
TN:
SF:/Users/jestuart/dev/jessestuart.com/src/components/Icons/DevIcons/AngularJS.js
FN:3,(anonymous_0)
FNF:1
FNH:1
FNDA:2,(anonymous_0)
DA:3,2
DA:4,2
LF:2
LH:2
BRF:0
BRH:0
end_of_record
TN:
SF:/Users/jestuart/dev/jessestuart.com/src/components/Icons/DevIcons/Ansible.js
FN:3,(anonymous_0)
FNF:1
FNH:1
FNDA:2,(anonymous_0)
DA:3,2
DA:4,2
LF:2
LH:2
BRF:0
BRH:0
end_of_record
TN:
SF:/Users/jestuart/dev/jessestuart.com/src/components/Icons/DevIcons/Atom.js
FN:3,(anonymous_0)
FNF:1
FNH:1
FNDA:1,(anonymous_0)
DA:3,2
DA:4,1
LF:2
LH:2
BRF:0
BRH:0
end_of_record
TN:
SF:/Users/jestuart/dev/jessestuart.com/src/components/Icons/DevIcons/Babel.js
FN:3,(anonymous_0)
FNF:1
FNH:1
FNDA:1,(anonymous_0)
DA:3,2
DA:4,1
LF:2
LH:2
BRF:0
BRH:0
end_of_record
TN:
SF:/Users/jestuart/dev/jessestuart.com/src/components/Icons/DevIcons/Clojure.js
FN:3,(anonymous_0)
FNF:1
FNH:1
FNDA:2,(anonymous_0)
DA:3,2
DA:4,2
LF:2
LH:2
BRF:0
BRH:0
end_of_record
TN:
SF:/Users/jestuart/dev/jessestuart.com/src/components/Icons/DevIcons/D3js.js
FN:3,(anonymous_0)
FNF:1
FNH:1
FNDA:1,(anonymous_0)
DA:3,2
DA:4,1
LF:2
LH:2
BRF:0
BRH:0
end_of_record
TN:
SF:/Users/jestuart/dev/jessestuart.com/src/components/Icons/DevIcons/Debian.js
FN:3,(anonymous_0)
FNF:1
FNH:1
FNDA:1,(anonymous_0)
DA:3,2
DA:4,1
LF:2
LH:2
BRF:0
BRH:0
end_of_record
TN:
SF:/Users/jestuart/dev/jessestuart.com/src/components/Icons/DevIcons/Docker.js
FN:3,(anonymous_0)
FNF:1
FNH:1
FNDA:2,(anonymous_0)
DA:3,2
DA:4,2
LF:2
LH:2
BRF:0
BRH:0
end_of_record
TN:
SF:/Users/jestuart/dev/jessestuart.com/src/components/Icons/DevIcons/GatsbyJS.js
FN:3,(anonymous_0)
FNF:1
FNH:1
FNDA:2,(anonymous_0)
DA:3,2
DA:4,2
LF:2
LH:2
BRF:0
BRH:0
end_of_record
TN:
SF:/Users/jestuart/dev/jessestuart.com/src/components/Icons/DevIcons/Git.js
FN:3,(anonymous_0)
FNF:1
FNH:1
FNDA:1,(anonymous_0)
DA:3,2
DA:4,1
LF:2
LH:2
BRF:0
BRH:0
end_of_record
TN:
SF:/Users/jestuart/dev/jessestuart.com/src/components/Icons/DevIcons/Go.js
FN:3,(anonymous_0)
FNF:1
FNH:1
FNDA:2,(anonymous_0)
DA:3,2
DA:4,2
LF:2
LH:2
BRF:0
BRH:0
end_of_record
TN:
SF:/Users/jestuart/dev/jessestuart.com/src/components/Icons/DevIcons/Gradle.js
FN:3,(anonymous_0)
FNF:1
FNH:1
FNDA:1,(anonymous_0)
DA:3,2
DA:4,1
LF:2
LH:2
BRF:0
BRH:0
end_of_record
TN:
SF:/Users/jestuart/dev/jessestuart.com/src/components/Icons/DevIcons/Grails.js
FN:3,(anonymous_0)
FNF:1
FNH:1
FNDA:2,(anonymous_0)
DA:3,2
DA:4,2
LF:2
LH:2
BRF:0
BRH:0
end_of_record
TN:
SF:/Users/jestuart/dev/jessestuart.com/src/components/Icons/DevIcons/GraphQL.js
FN:3,(anonymous_0)
FNF:1
FNH:1
FNDA:2,(anonymous_0)
DA:3,2
DA:4,2
LF:2
LH:2
BRF:0
BRH:0
end_of_record
TN:
SF:/Users/jestuart/dev/jessestuart.com/src/components/Icons/DevIcons/Java.js
FN:3,(anonymous_0)
FNF:1
FNH:1
FNDA:2,(anonymous_0)
DA:3,2
DA:4,2
LF:2
LH:2
BRF:0
BRH:0
end_of_record
TN:
SF:/Users/jestuart/dev/jessestuart.com/src/components/Icons/DevIcons/Javascript.js
FN:3,(anonymous_0)
FNF:1
FNH:1
FNDA:1,(anonymous_0)
DA:3,2
DA:4,1
LF:2
LH:2
BRF:0
BRH:0
end_of_record
TN:
SF:/Users/jestuart/dev/jessestuart.com/src/components/Icons/DevIcons/Jest.js
FN:3,(anonymous_0)
FNF:1
FNH:1
FNDA:2,(anonymous_0)
DA:3,2
DA:4,2
LF:2
LH:2
BRF:0
BRH:0
end_of_record
TN:
SF:/Users/jestuart/dev/jessestuart.com/src/components/Icons/DevIcons/Kubernetes.js
FN:3,(anonymous_0)
FNF:1
FNH:1
FNDA:2,(anonymous_0)
DA:3,2
DA:4,2
LF:2
LH:2
BRF:0
BRH:0
end_of_record
TN:
SF:/Users/jestuart/dev/jessestuart.com/src/components/Icons/DevIcons/Linux.js
FN:3,(anonymous_0)
FNF:1
FNH:1
FNDA:1,(anonymous_0)
DA:3,2
DA:4,1
LF:2
LH:2
BRF:0
BRH:0
end_of_record
TN:
SF:/Users/jestuart/dev/jessestuart.com/src/components/Icons/DevIcons/Mysql.js
FN:3,(anonymous_0)
FNF:1
FNH:1
FNDA:1,(anonymous_0)
DA:3,2
DA:4,1
LF:2
LH:2
BRF:0
BRH:0
end_of_record
TN:
SF:/Users/jestuart/dev/jessestuart.com/src/components/Icons/DevIcons/Netlify.js
FN:3,(anonymous_0)
FNF:1
FNH:1
FNDA:1,(anonymous_0)
DA:3,2
DA:4,1
LF:2
LH:2
BRF:0
BRH:0
end_of_record
TN:
SF:/Users/jestuart/dev/jessestuart.com/src/components/Icons/DevIcons/Nginx.js
FN:3,(anonymous_0)
FNF:1
FNH:1
FNDA:1,(anonymous_0)
DA:3,2
DA:4,1
LF:2
LH:2
BRF:0
BRH:0
end_of_record
TN:
SF:/Users/jestuart/dev/jessestuart.com/src/components/Icons/DevIcons/Nodejs.js
FN:3,(anonymous_0)
FNF:1
FNH:1
FNDA:2,(anonymous_0)
DA:3,2
DA:4,2
LF:2
LH:2
BRF:0
BRH:0
end_of_record
TN:
SF:/Users/jestuart/dev/jessestuart.com/src/components/Icons/DevIcons/Packer.js
FN:3,(anonymous_0)
FNF:1
FNH:1
FNDA:2,(anonymous_0)
DA:3,2
DA:4,2
LF:2
LH:2
BRF:0
BRH:0
end_of_record
TN:
SF:/Users/jestuart/dev/jessestuart.com/src/components/Icons/DevIcons/PostCSS.js
FN:3,(anonymous_0)
FNF:1
FNH:1
FNDA:1,(anonymous_0)
DA:3,2
DA:4,1
LF:2
LH:2
BRF:0
BRH:0
end_of_record
TN:
SF:/Users/jestuart/dev/jessestuart.com/src/components/Icons/DevIcons/Python.js
FN:3,(anonymous_0)
FNF:1
FNH:1
FNDA:2,(anonymous_0)
DA:3,2
DA:4,2
LF:2
LH:2
BRF:0
BRH:0
end_of_record
TN:
SF:/Users/jestuart/dev/jessestuart.com/src/components/Icons/DevIcons/React.js
FN:3,(anonymous_0)
FNF:1
FNH:1
FNDA:2,(anonymous_0)
DA:3,2
DA:4,2
LF:2
LH:2
BRF:0
BRH:0
end_of_record
TN:
SF:/Users/jestuart/dev/jessestuart.com/src/components/Icons/DevIcons/Redhat.js
FN:3,(anonymous_0)
FNF:1
FNH:1
FNDA:1,(anonymous_0)
DA:3,2
DA:4,1
LF:2
LH:2
BRF:0
BRH:0
end_of_record
TN:
SF:/Users/jestuart/dev/jessestuart.com/src/components/Icons/DevIcons/Redis.js
FN:3,(anonymous_0)
FNF:1
FNH:1
FNDA:1,(anonymous_0)
DA:3,2
DA:4,1
LF:2
LH:2
BRF:0
BRH:0
end_of_record
TN:
SF:/Users/jestuart/dev/jessestuart.com/src/components/Icons/DevIcons/Redux.js
FN:3,(anonymous_0)
FNF:1
FNH:1
FNDA:2,(anonymous_0)
DA:3,2
DA:4,2
LF:2
LH:2
BRF:0
BRH:0
end_of_record
TN:
SF:/Users/jestuart/dev/jessestuart.com/src/components/Icons/DevIcons/Sentry.js
FN:3,(anonymous_0)
FNF:1
FNH:1
FNDA:1,(anonymous_0)
DA:3,2
DA:4,1
LF:2
LH:2
BRF:0
BRH:0
end_of_record
TN:
SF:/Users/jestuart/dev/jessestuart.com/src/components/Icons/DevIcons/Terraform.js
FN:3,(anonymous_0)
FNF:1
FNH:1
FNDA:2,(anonymous_0)
DA:3,2
DA:4,2
LF:2
LH:2
BRF:0
BRH:0
end_of_record
TN:
SF:/Users/jestuart/dev/jessestuart.com/src/components/Icons/DevIcons/Typescript.js
FN:3,(anonymous_0)
FNF:1
FNH:1
FNDA:1,(anonymous_0)
DA:3,2
DA:4,1
LF:2
LH:2
BRF:0
BRH:0
end_of_record
TN:
SF:/Users/jestuart/dev/jessestuart.com/src/components/Icons/DevIcons/Ubuntu.js
FN:3,(anonymous_0)
FNF:1
FNH:1
FNDA:1,(anonymous_0)
DA:3,2
DA:4,1
LF:2
LH:2
BRF:0
BRH:0
end_of_record
TN:
SF:/Users/jestuart/dev/jessestuart.com/src/components/Icons/DevIcons/Vagrant.js
FN:3,(anonymous_0)
FNF:1
FNH:1
FNDA:2,(anonymous_0)
DA:3,2
DA:4,2
LF:2
LH:2
BRF:0
BRH:0
end_of_record
TN:
SF:/Users/jestuart/dev/jessestuart.com/src/components/Icons/DevIcons/Vim.js
FN:3,(anonymous_0)
FNF:1
FNH:1
FNDA:1,(anonymous_0)
DA:3,2
DA:4,1
LF:2
LH:2
BRF:0
BRH:0
end_of_record
TN:
SF:/Users/jestuart/dev/jessestuart.com/src/components/Icons/DevIcons/Webpack.js
FN:3,(anonymous_0)
FNF:1
FNH:1
FNDA:1,(anonymous_0)
DA:3,2
DA:4,1
LF:2
LH:2
BRF:0
BRH:0
end_of_record
TN:
SF:/Users/jestuart/dev/jessestuart.com/src/components/Icons/DevIcons/index.js
FNF:0
FNH:0
DA:40,2
LF:1
LH:1
BRF:0
BRH:0
end_of_record
TN:
SF:/Users/jestuart/dev/jessestuart.com/src/components/Icons/Twemoji/CrescentMoon.js
FN:3,(anonymous_0)
FNF:1
FNH:1
FNDA:1,(anonymous_0)
DA:3,1
DA:4,1
LF:2
LH:2
BRF:0
BRH:0
end_of_record
TN:
SF:/Users/jestuart/dev/jessestuart.com/src/components/Icons/Twemoji/France.js
FN:3,(anonymous_0)
FNF:1
FNH:1
FNDA:1,(anonymous_0)
DA:3,1
DA:4,1
LF:2
LH:2
BRF:0
BRH:0
end_of_record
TN:
SF:/Users/jestuart/dev/jessestuart.com/src/components/Icons/Twemoji/Microscope.js
FN:3,(anonymous_0)
FNF:1
FNH:1
FNDA:1,(anonymous_0)
DA:3,1
DA:4,1
LF:2
LH:2
BRF:0
BRH:0
end_of_record
TN:
SF:/Users/jestuart/dev/jessestuart.com/src/components/Icons/Twemoji/OpenBook.js
FN:3,(anonymous_0)
FNF:1
FNH:1
FNDA:1,(anonymous_0)
DA:3,1
DA:4,1
LF:2
LH:2
BRF:0
BRH:0
end_of_record
TN:
SF:/Users/jestuart/dev/jessestuart.com/src/components/Icons/Twemoji/PersonalComputer.js
FN:3,(anonymous_0)
FNF:1
FNH:1
FNDA:1,(anonymous_0)
DA:3,1
DA:4,1
LF:2
LH:2
BRF:0
BRH:0
end_of_record
TN:
SF:/Users/jestuart/dev/jessestuart.com/src/components/Icons/Twemoji/Rat.js
FN:3,(anonymous_0)
FNF:1
FNH:1
FNDA:1,(anonymous_0)
DA:3,1
DA:4,1
LF:2
LH:2
BRF:0
BRH:0
end_of_record
TN:
SF:/Users/jestuart/dev/jessestuart.com/src/components/Icons/Twemoji/Scroll.js
FN:3,(anonymous_0)
FNF:1
FNH:1
FNDA:1,(anonymous_0)
DA:3,1
DA:4,1
LF:2
LH:2
BRF:0
BRH:0
end_of_record
TN:
SF:/Users/jestuart/dev/jessestuart.com/src/components/Icons/Twemoji/ThinkingFace.js
FN:3,(anonymous_0)
FNF:1
FNH:1
FNDA:1,(anonymous_0)
DA:3,1
DA:4,1
LF:2
LH:2
BRF:0
BRH:0
end_of_record
TN:
SF:/Users/jestuart/dev/jessestuart.com/src/components/Icons/Twemoji/index.js
FNF:0
FNH:0
DA:10,1
LF:1
LH:1
BRF:0
BRH:0
end_of_record
TN:
SF:/Users/jestuart/dev/jessestuart.com/src/components/Profile/Avatar.js
FN:6,(anonymous_0)
FNF:1
FNH:1
FNDA:2,(anonymous_0)
DA:6,2
DA:7,2
LF:2
LH:2
BRF:0
BRH:0
end_of_record
TN:
SF:/Users/jestuart/dev/jessestuart.com/src/components/Profile/BlackMirror.js
FN:38,(anonymous_0)
FN:40,(anonymous_1)
FNF:2
FNH:2
FNDA:1,(anonymous_0)
FNDA:4,(anonymous_1)
DA:6,1
DA:7,1
DA:8,1
DA:9,1
DA:10,1
DA:11,1
DA:12,1
DA:13,1
DA:15,1
DA:38,1
DA:39,1
DA:41,4
DA:42,4
DA:56,1
LF:14
LH:14
BRF:0
BRH:0
end_of_record
TN:
SF:/Users/jestuart/dev/jessestuart.com/src/components/Profile/Profile.js
FN:58,(anonymous_0)
FNF:1
FNH:1
FNDA:1,(anonymous_0)
DA:9,1
DA:21,1
DA:36,1
DA:51,1
DA:58,1
DA:59,1
LF:6
LH:6
BRF:0
BRH:0
end_of_record
TN:
SF:/Users/jestuart/dev/jessestuart.com/src/components/Profile/ProfileBlurb.js
FN:23,(anonymous_0)
FN:44,(anonymous_1)
FNF:2
FNH:2
FNDA:1,(anonymous_0)
FNDA:4,(anonymous_1)
DA:8,1
DA:9,1
DA:10,1
DA:21,1
DA:23,1
DA:24,1
DA:44,1
DA:45,4
DA:54,1
LF:9
LH:9
BRF:0
BRH:0
end_of_record
TN:
SF:/Users/jestuart/dev/jessestuart.com/src/components/Profile/ProfileFooter.js
FN:28,(anonymous_0)
FN:33,(anonymous_1)
FN:37,(anonymous_2)
FN:41,(anonymous_3)
FN:45,(anonymous_4)
FN:50,(anonymous_5)
FN:51,(anonymous_6)
FN:53,(anonymous_7)
FN:54,(anonymous_8)
FN:70,(anonymous_9)
FNF:10
FNH:10
FNDA:5,(anonymous_0)
FNDA:6,(anonymous_1)
FNDA:5,(anonymous_2)
FNDA:2,(anonymous_3)
FNDA:2,(anonymous_4)
FNDA:5,(anonymous_5)
FNDA:5,(anonymous_6)
FNDA:7,(anonymous_7)
FNDA:6,(anonymous_8)
FNDA:11,(anonymous_9)
DA:13,2
DA:18,2
DA:29,5
DA:30,5
DA:34,6
DA:38,5
DA:42,2
DA:46,2
DA:47,2
DA:51,5
DA:52,5
DA:54,7
DA:55,6
DA:56,6
DA:57,0
DA:60,6
DA:71,11
DA:72,11
DA:97,2
LF:19
LH:18
BRDA:56,0,0,0
BRDA:56,0,1,6
BRF:2
BRH:1
end_of_record
TN:
SF:/Users/jestuart/dev/jessestuart.com/src/components/Profile/ProfileHeading.js
FN:7,(anonymous_0)
FNF:1
FNH:1
FNDA:1,(anonymous_0)
DA:5,1
DA:7,1
DA:8,1
LF:3
LH:3
BRF:0
BRH:0
end_of_record
TN:
SF:/Users/jestuart/dev/jessestuart.com/src/components/ProfileDevIcons/DevIconColumn.js
FN:5,(anonymous_0)
FNF:1
FNH:1
FNDA:18,(anonymous_0)
DA:5,1
DA:6,18
DA:8,18
DA:15,1
DA:31,1
LF:5
LH:5
BRF:0
BRH:0
end_of_record
TN:
SF:/Users/jestuart/dev/jessestuart.com/src/components/ProfileDevIcons/DevIconSkills.js
FNF:0
FNH:0
DA:22,1
DA:24,1
DA:26,1
DA:28,1
DA:30,1
LF:5
LH:5
BRF:0
BRH:0
end_of_record
TN:
SF:/Users/jestuart/dev/jessestuart.com/src/components/ProfileDevIcons/index.js
FN:13,(anonymous_0)
FN:33,(anonymous_1)
FN:36,(anonymous_2)
FNF:3
FNH:3
FNDA:1,(anonymous_0)
FNDA:3,(anonymous_1)
FNDA:18,(anonymous_2)
DA:13,1
DA:14,1
DA:34,3
DA:37,18
DA:55,1
DA:71,1
LF:6
LH:6
BRDA:42,0,0,18
BRDA:42,0,1,9
BRF:2
BRH:2
end_of_record
TN:
SF:/Users/jestuart/dev/jessestuart.com/src/components/SiteFooter/SiteFooter.js
FN:9,(anonymous_0)
FNF:1
FNH:1
FNDA:2,(anonymous_0)
DA:9,1
DA:10,2
DA:41,1
DA:46,1
DA:50,1
LF:5
LH:5
BRDA:20,0,0,1
BRDA:20,0,1,1
BRF:2
BRH:2
end_of_record
TN:
SF:/Users/jestuart/dev/jessestuart.com/src/components/SiteHeader/HeaderLink.js
FN:6,(anonymous_0)
FNF:1
FNH:1
FNDA:8,(anonymous_0)
DA:6,1
DA:7,8
DA:15,8
DA:24,1
DA:31,1
LF:5
LH:5
BRF:0
BRH:0
end_of_record
TN:
SF:/Users/jestuart/dev/jessestuart.com/src/components/SiteHeader/SiteHeader.js
FN:13,(anonymous_0)
FNF:1
FNH:1
FNDA:2,(anonymous_0)
DA:10,1
DA:14,2
DA:15,2
DA:16,2
DA:62,1
DA:68,1
DA:74,1
LF:7
LH:7
BRDA:15,0,0,2
BRDA:15,0,1,2
BRDA:27,1,0,1
BRDA:27,1,1,1
BRF:4
BRH:4
end_of_record
TN:
SF:/Users/jestuart/dev/jessestuart.com/src/components/StyledLink/StyledLink.js
FN:6,(anonymous_0)
FN:39,(anonymous_1)
FNF:2
FNH:2
FNDA:7,(anonymous_0)
FNDA:7,(anonymous_1)
DA:3,3
DA:4,3
DA:6,7
DA:40,7
LF:4
LH:4
BRDA:8,0,0,7
BRDA:8,0,1,6
BRDA:18,1,0,7
BRDA:18,1,1,6
BRF:4
BRH:4
end_of_record
TN:
SF:/Users/jestuart/dev/jessestuart.com/src/utils/cancelable.js
FN:4,(anonymous_0)
FN:6,(anonymous_1)
FN:9,(anonymous_2)
FN:10,(anonymous_3)
FN:16,(anonymous_4)
FNF:5
FNH:4
FNDA:8,(anonymous_0)
FNDA:8,(anonymous_1)
FNDA:1,(anonymous_2)
FNDA:1,(anonymous_3)
FNDA:0,(anonymous_4)
DA:5,8
DA:6,8
DA:7,8
DA:9,1
DA:10,1
DA:13,8
DA:17,0
DA:18,0
LF:8
LH:6
BRDA:9,0,0,0
BRDA:9,0,1,1
BRF:2
BRH:1
end_of_record
TN:
SF:/Users/jestuart/dev/jessestuart.com/src/utils/colors.js
FNF:0
FNH:0
DA:3,4
LF:1
LH:1
BRF:0
BRH:0
end_of_record
